<?xml version="1.0" encoding="UTF-8"?>
<testsuite name="ru.stqa.pft.sandbox.SquareTest" tests="1" skipped="0" failures="0" errors="0" timestamp="2020-12-12T18:10:53" hostname="DESKTOP-FFBR9KB" time="0.002">
  <properties/>
  <testcase name="testArea" classname="ru.stqa.pft.sandbox.SquareTest" time="0.002"/>
  <system-out><![CDATA[]]></system-out>
  <system-err><![CDATA[]]></system-err>
</testsuite>
