<?xml version="1.0" encoding="UTF-8"?>
<testsuite name="ru.stqa.pft.sandbox.EqationTest" tests="3" skipped="0" failures="0" errors="0" timestamp="2020-12-26T16:26:08" hostname="DESKTOP-FFBR9KB" time="0.002">
  <properties/>
  <testcase name="test0" classname="ru.stqa.pft.sandbox.EqationTest" time="0.002"/>
  <testcase name="test1" classname="ru.stqa.pft.sandbox.EqationTest" time="0.0"/>
  <testcase name="test2" classname="ru.stqa.pft.sandbox.EqationTest" time="0.0"/>
  <system-out><![CDATA[]]></system-out>
  <system-err><![CDATA[]]></system-err>
</testsuite>
